Vivado Simulator 2017.4
Copyright 1986-1999, 2001-2016 Xilinx, Inc. All Rights Reserved.
Running: D:/Vivado/2017.4/bin/unwrapped/win64.o/xelab.exe -wto beda7ebf7b6d4323873ea31cc9b5322e --incr --debug typical --relax --mt 2 -L blk_mem_gen_v8_4_1 -L xil_defaultlib -L unisims_ver -L unimacro_ver -L secureip -L xpm --snapshot minisys_sim_behav xil_defaultlib.minisys_sim xil_defaultlib.glbl -log elaborate.log 
Using 2 slave threads.
Starting static elaboration
WARNING: [VRFC 10-278] actual bit length 16 differs from formal bit length 24 for port switchrdata [D:/Vivado/CPU/CPU.srcs/sources_1/new/minisys_sc.v:182]
WARNING: [VRFC 10-142] switchrdata was previously declared with a different range [D:/Vivado/CPU/CPU.srcs/sources_1/new/switchs.v:13]
WARNING: [VRFC 10-1783] select index 62 into current_contents is out of bounds [/wrk/2017.4/nightly/2017_12_15_2086221/packages/customer/vivado/data/ip/xilinx/blk_mem_gen_v8_4/simulation/blk_mem_gen_v8_4.v:2420]
Completed static elaboration
Starting simulation data flow analysis
Completed simulation data flow analysis
Time Resolution for simulation is 1ps
Compiling module unisims_ver.IBUF
Compiling module unisims_ver.PLLE2_ADV(CLKFBOUT_MULT=46,CLKIN...
Compiling module unisims_ver.BUFG
Compiling module xil_defaultlib.cpuclk_clk_wiz
Compiling module xil_defaultlib.cpuclk
Compiling module blk_mem_gen_v8_4_1.blk_mem_gen_v8_4_1_output_stage(...
Compiling module blk_mem_gen_v8_4_1.blk_mem_gen_v8_4_1_softecc_outpu...
Compiling module blk_mem_gen_v8_4_1.blk_mem_gen_v8_4_1_mem_module(C_...
Compiling module blk_mem_gen_v8_4_1.blk_mem_gen_v8_4_1(C_FAMILY="art...
Compiling module xil_defaultlib.prgrom
Compiling module xil_defaultlib.Ifetc32
Compiling module xil_defaultlib.Idecode32
Compiling module xil_defaultlib.control32
Compiling module xil_defaultlib.Executs32
Compiling module blk_mem_gen_v8_4_1.blk_mem_gen_v8_4_1_mem_module(C_...
Compiling module blk_mem_gen_v8_4_1.blk_mem_gen_v8_4_1(C_FAMILY="art...
Compiling module xil_defaultlib.RAM
Compiling module xil_defaultlib.dmemory32
Compiling module xil_defaultlib.memorio
Compiling module xil_defaultlib.ioread
Compiling module xil_defaultlib.switchs
Compiling module xil_defaultlib.leds
Compiling module xil_defaultlib.minisys_sc
Compiling module xil_defaultlib.minisys_sim
Compiling module xil_defaultlib.glbl
Built simulation snapshot minisys_sim_behav
