#-----------------------------------------------------------
# Vivado v2017.4 (64-bit)
# SW Build 2086221 on Fri Dec 15 20:55:39 MST 2017
# IP Build 2085800 on Fri Dec 15 22:25:07 MST 2017
# Start of session at: Wed May 27 13:14:37 2020
# Process ID: 16848
# Current directory: D:/Vivado/CPU/CPU.sim/sim_1/behav/xsim
# Command line: vivado.exe -gui_launcher_event rodinguilauncherevent13636 D:\Vivado\CPU\CPU.sim\sim_1\behav\xsim\cpu_sim_behav.wdb
# Log file: D:/Vivado/CPU/CPU.sim/sim_1/behav/xsim/vivado.log
# Journal file: D:/Vivado/CPU/CPU.sim/sim_1/behav/xsim\vivado.jou
#-----------------------------------------------------------
start_guopopen_wave_database {D:\Vivado\CPU\CPU.sim\sim_1\behav\xsim\cpu_sim_behav.wdb}
INFO: [IP_Flow 19-234] Refreshing IP repositories
INFO: [IP_Flow 19-1704] No user IP repositories specified
INFO: [IP_Flow 19-2313] Loaded Vivado IP repository 'D:/Vivado/2017.4/data/ip'.
close_sim
INFO: [Simtcl 6-16] Simulation closed
exit
INFO: [Common 17-206] Exiting Vivado at Wed May 27 13:29:34 2020...
NFO: [Simtcl 6-16] Simulation closed
exit
INFO: [Common 17-206] Exiting Vivado at Wed May 27 13:15:15 2020...
