Exception at PC 0x00007FFA96D2A799
Exception at PC 0x00007FFA96D2A799
Exception at PC 0x00007FFA96D2A799
Exception at PC 0x00007FFA96D2A799
Exception at PC 0x00007FFA04EEE132
Attemped to write at address 0x00007FFA5C944AA4
Printing stacktrace...

[0]  [0x00007FFA04EEE132]
[1]  [0x00007FFA04EEE132]
[2]  [0x00007FFA04EEE194]
[3]  [0x00007FFA04B3D0D7]
[4]  [0x00007FFA04A22BCA]
[5]  [0x00007FFA04A22FD1]
[6]  [0x00007FFA04EEEB2F]
[7]  [0x00007FFA04DAC19D]
[8]  [0x00007FFA04DA5942]
[9]  [0x00007FFA04DA5AB5]
[10] (RtlActivateActivationContextUnsafeFast+0x121) [0x00007FFA99865021]
[11] (LdrShutdownProcess+0x132) [0x00007FFA998AAA82]
[12] (RtlExitUserProcess+0xad) [0x00007FFA998AA92D]
[13] (ExitProcess+0xa) [0x00007FFA9837CD8A]
[14] (exit+0x85) [0x00007FFA980DA245]
[15] (initterm_e+0x245) [0x00007FFA980DA8B5]
[16]  [0x00000000004014CD]
[17]  [0x000000000040151B]
[18] (BaseThreadInitThunk+0x14) [0x00007FFA98377BD4]
[19] (RtlUserThreadStart+0x21) [0x00007FFA998ACE51]
Done
