Exception at PC 0x00007FFBDAD8A799
Exception at PC 0x00007FFBDAD8A799
Exception at PC 0x00007FFBDAD8A799
Exception at PC 0x00007FFBDAD8A799
Exception at PC 0x00007FFBDAD8A799
Exception at PC 0x00007FFBDAD8A799
Exception at PC 0x00007FFBDAD8A799
Exception at PC 0x00007FFBDAD8A799
Exception at PC 0x00007FFBDAD8A799
Exception at PC 0x00007FFBDAD8A799
Exception at PC 0x00007FFBDAD8A799
Exception at PC 0x00007FFBDAD8A799
Exception at PC 0x00007FFBA48CE132
Attemped to write at address 0x00007FFBA5604AA4
Printing stacktrace...

[0]  [0x00007FFBA48CE132]
[1]  [0x00007FFBA48CE132]
[2]  [0x00007FFBA48CE194]
[3]  [0x00007FFBA451D0D7]
[4]  [0x00007FFBA4402BCA]
[5]  [0x00007FFBA4402FD1]
[6]  [0x00007FFBA48CEB2F]
[7]  [0x00007FFBA478C19D]
[8]  [0x00007FFBA4785942]
[9]  [0x00007FFBA4785AB5]
[10] (RtlActivateActivationContextUnsafeFast+0x121) [0x00007FFBDDDE5021]
[11] (LdrShutdownProcess+0x132) [0x00007FFBDDE2AA82]
[12] (RtlExitUserProcess+0xad) [0x00007FFBDDE2A92D]
[13] (ExitProcess+0xa) [0x00007FFBDDA1CD8A]
[14] (exit+0x85) [0x00007FFBDD96A245]
[15] (initterm_e+0x245) [0x00007FFBDD96A8B5]
[16]  [0x00000000004014CD]
[17]  [0x000000000040151B]
[18] (BaseThreadInitThunk+0x14) [0x00007FFBDDA17BD4]
[19] (RtlUserThreadStart+0x21) [0x00007FFBDDE2CE51]
Done
