Exception at PC 0x00007FFBDAD8A799
Exception at PC 0x00007FFBDAD8A799
Exception at PC 0x00007FFBDAD8A799
Exception at PC 0x00007FFBDAD8A799
Exception at PC 0x00007FFBDAD8A799
Exception at PC 0x00007FFBDAD8A799
Exception at PC 0x00007FFBDAD8A799
Exception at PC 0x00007FFBDAD8A799
Exception at PC 0x00007FFBDAD8A799
Exception at PC 0x00007FFBDAD8A799
Exception at PC 0x00007FFBDAD8A799
Exception at PC 0x00007FFBDAD8A799
Exception at PC 0x00007FFBA4DFE132
Attemped to write at address 0x00007FFBA5604AA4
Printing stacktrace...

[0]  [0x00007FFBA4DFE132]
[1]  [0x00007FFBA4DFE132]
[2]  [0x00007FFBA4DFE194]
[3]  [0x00007FFBA4A4D0D7]
[4]  [0x00007FFBA4932BCA]
[5]  [0x00007FFBA4932FD1]
[6]  [0x00007FFBA4DFEB2F]
[7]  [0x00007FFBA4CBC19D]
[8]  [0x00007FFBA4CB5942]
[9]  [0x00007FFBA4CB5AB5]
[10] (RtlActivateActivationContextUnsafeFast+0x121) [0x00007FFBDDDE5021]
[11] (LdrShutdownProcess+0x132) [0x00007FFBDDE2AA82]
[12] (RtlExitUserProcess+0xad) [0x00007FFBDDE2A92D]
[13] (ExitProcess+0xa) [0x00007FFBDDA1CD8A]
[14] (exit+0x85) [0x00007FFBDD96A245]
[15] (initterm_e+0x245) [0x00007FFBDD96A8B5]
[16]  [0x00000000004014CD]
[17]  [0x000000000040151B]
[18] (BaseThreadInitThunk+0x14) [0x00007FFBDDA17BD4]
[19] (RtlUserThreadStart+0x21) [0x00007FFBDDE2CE51]
Done
